<?xml version="1.0" encoding="UTF-8"?>
<!-- Generated by org.testng.reporters.JUnitXMLReporter -->
<testsuite ignored="2" hostname="Paritosh-PC" failures="0" tests="2" name="Test" time="0.07" errors="0" timestamp="16 Apr 2023 04:27:27 GMT">
  <testcase classname="testcases.HomeLoanTest" name="test2" time="0.023"/>
  <testcase classname="testcases.CreditCardTest" name="test4" time="0.005"/>
  <testcase classname="testcases.HomeLoanTest" name="test1" time="0.0">
    <ignored/>
  </testcase> <!-- test1 -->
  <testcase classname="testcases.CarLoanTest" name="test3" time="0.0">
    <ignored/>
  </testcase> <!-- test3 -->
</testsuite> <!-- Test -->
