<?xml version="1.0" encoding="UTF-8"?>
<testng-results ignored="5" total="8" passed="3" failed="0" skipped="0">
  <reporter-output>
  </reporter-output>
  <suite started-at="2023-04-16T06:53:57Z" name="Suite" finished-at="2023-04-16T06:53:57Z" duration-ms="71">
    <groups>
      <group name="sanity">
        <method signature="CreditCardTest.test4()[pri:0, instance:testcases.CreditCardTest@60bd273d]" name="test4" class="testcases.CreditCardTest"/>
      </group> <!-- sanity -->
    </groups>
    <test started-at="2023-04-16T06:53:57Z" name="Test" finished-at="2023-04-16T06:53:57Z" duration-ms="71">
      <class name="testcases.CarLoanTest">
        <test-method is-config="true" signature="method1()[pri:0, instance:testcases.CarLoanTest@4f80542f]" started-at="2023-04-16T06:53:57Z" name="method1" finished-at="2023-04-16T06:53:57Z" duration-ms="0" status="PASS">
          <reporter-output>
          </reporter-output>
        </test-method> <!-- method1 -->
        <test-method signature="test3()[pri:0, instance:testcases.CarLoanTest@4f80542f]" started-at="2023-04-16T06:53:57Z" name="test3" finished-at="2023-04-16T06:53:57Z" duration-ms="0" status="PASS">
          <reporter-output>
          </reporter-output>
        </test-method> <!-- test3 -->
        <test-method is-config="true" signature="method2()[pri:0, instance:testcases.CarLoanTest@4f80542f]" started-at="2023-04-16T06:53:57Z" name="method2" finished-at="2023-04-16T06:53:57Z" duration-ms="0" status="PASS">
          <reporter-output>
          </reporter-output>
        </test-method> <!-- method2 -->
      </class> <!-- testcases.CarLoanTest -->
      <class name="testcases.CreditCardTest">
        <test-method is-config="true" signature="method1()[pri:0, instance:testcases.CreditCardTest@60bd273d]" started-at="2023-04-16T06:53:57Z" name="method1" finished-at="2023-04-16T06:53:57Z" duration-ms="1" status="PASS">
          <reporter-output>
          </reporter-output>
        </test-method> <!-- method1 -->
        <test-method signature="test4()[pri:0, instance:testcases.CreditCardTest@60bd273d]" started-at="2023-04-16T06:53:57Z" name="test4" finished-at="2023-04-16T06:53:57Z" duration-ms="1" status="PASS">
          <reporter-output>
          </reporter-output>
        </test-method> <!-- test4 -->
        <test-method is-config="true" signature="method2()[pri:0, instance:testcases.CreditCardTest@60bd273d]" started-at="2023-04-16T06:53:57Z" name="method2" finished-at="2023-04-16T06:53:57Z" duration-ms="0" status="PASS">
          <reporter-output>
          </reporter-output>
        </test-method> <!-- method2 -->
      </class> <!-- testcases.CreditCardTest -->
      <class name="testcases.HomeLoanTest">
        <test-method is-config="true" signature="method3()[pri:0, instance:testcases.HomeLoanTest@534a5a98]" started-at="2023-04-16T06:53:57Z" name="method3" finished-at="2023-04-16T06:53:57Z" duration-ms="27" status="PASS">
          <reporter-output>
          </reporter-output>
        </test-method> <!-- method3 -->
        <test-method is-config="true" signature="method1()[pri:0, instance:testcases.HomeLoanTest@534a5a98]" started-at="2023-04-16T06:53:57Z" name="method1" finished-at="2023-04-16T06:53:57Z" duration-ms="1" status="PASS">
          <reporter-output>
          </reporter-output>
        </test-method> <!-- method1 -->
        <test-method signature="test1()[pri:0, instance:testcases.HomeLoanTest@534a5a98]" started-at="2023-04-16T06:53:57Z" name="test1" finished-at="2023-04-16T06:53:57Z" duration-ms="1" status="PASS">
          <reporter-output>
          </reporter-output>
        </test-method> <!-- test1 -->
        <test-method is-config="true" signature="method2()[pri:0, instance:testcases.HomeLoanTest@534a5a98]" started-at="2023-04-16T06:53:57Z" name="method2" finished-at="2023-04-16T06:53:57Z" duration-ms="1" status="PASS">
          <reporter-output>
          </reporter-output>
        </test-method> <!-- method2 -->
        <test-method is-config="true" signature="method4()[pri:0, instance:testcases.HomeLoanTest@534a5a98]" started-at="2023-04-16T06:53:57Z" name="method4" finished-at="2023-04-16T06:53:57Z" duration-ms="1" status="PASS">
          <reporter-output>
          </reporter-output>
        </test-method> <!-- method4 -->
      </class> <!-- testcases.HomeLoanTest -->
    </test> <!-- Test -->
  </suite> <!-- Suite -->
</testng-results>
